2016-05-10 23:39:07,804  INFO [main] - getEventTime 53 - Create -> Good night, World!
2016-05-10 23:39:07,809  INFO [main] - ConsoleMessageGoodWorld.main 45 - Print night message
2016-05-10 23:39:14,912  INFO [main] - getEventTime 53 - Create -> Good night, World!
2016-05-10 23:39:14,917  INFO [main] - ConsoleMessageGoodWorld.main 45 - Print night message
2016-05-11 13:50:00,128  INFO [main] - getEventTime 42 - Displays:  Good day, World!
2016-05-11 13:50:00,133  INFO [main] - ConsoleMessageGoodWorld.main 36 - Print day message
2016-05-11 14:16:30,177  INFO [main] - getEventTime 42 - Displays:  Good day, World!
2016-05-11 14:16:30,182  INFO [main] - ConsoleMessageGoodWorld.main 36 - Print day message
2016-05-11 15:25:06,388  INFO [main] - getTime 43 - Displays:  Good day, World!
2016-05-11 15:25:06,393  INFO [main] - ConsoleMessageGoodWorld.main 36 - Print day message
2016-05-11 15:25:20,807  INFO [main] - getTime 43 - Displays:  Good day, World!
2016-05-11 15:25:20,813  INFO [main] - ConsoleMessageGoodWorld.main 36 - Print day message
2016-05-11 15:27:05,721  INFO [main] - getTime 44 - Displays:  Good day, World!
2016-05-11 15:27:05,729  INFO [main] - ConsoleMessageGoodWorld.main 36 - Print day message
2016-05-11 15:56:17,569  INFO [main] - ConsoleMessageGoodWorldWorker.getTime 43 - Displays:  Good day, World!
2016-05-11 15:56:17,576  INFO [main] - ConsoleMessageGoodWorld.main 36 - Print day message
2016-05-11 15:57:22,450  INFO [main] - ConsoleMessageGoodWorldWorker.getTime 44 - Displays:  Good day, World!
2016-05-11 15:57:22,455  INFO [main] - ConsoleMessageGoodWorld.main 36 - Print day message
2016-05-11 16:00:27,121  INFO [main] - ConsoleMessageGoodWorldWorker.getTime 44 - Displays:  Good day, World!
2016-05-11 16:00:27,126  INFO [main] - ConsoleMessageGoodWorld.main 36 - Print day message
2016-05-11 16:13:39,763  INFO [main] - ConsoleMessageGoodWorldWorker.getTime 44 - Displays:  Good day, World!
2016-05-11 16:13:39,768  INFO [main] - ConsoleMessageGoodWorld.main 37 - Print day message
